This file contains any messages produced by compilers while
running configure, to aid debugging if configure makes a mistake.

It was created by libersp configure 0.1, which was
generated by GNU Autoconf 2.61.  Invocation command line was

  $ ./configure 

## --------- ##
## Platform. ##
## --------- ##

hostname = mille
uname -m = i686
uname -r = 2.6.27-11-generic
uname -s = Linux
uname -v = #1 SMP Thu Jan 29 19:24:39 UTC 2009

/usr/bin/uname -p = unknown
/bin/uname -X     = unknown

/bin/arch              = unknown
/usr/bin/arch -k       = unknown
/usr/convex/getsysinfo = unknown
/usr/bin/hostinfo      = unknown
/bin/machine           = unknown
/usr/bin/oslevel       = unknown
/bin/universe          = unknown

PATH: /home/jesper/bin
PATH: /home/jesper/bin
PATH: /usr/local/sbin
PATH: /usr/local/bin
PATH: /usr/sbin
PATH: /usr/bin
PATH: /sbin
PATH: /bin
PATH: /usr/games


## ----------- ##
## Core tests. ##
## ----------- ##

configure:1987: checking for a BSD-compatible install
configure:2043: result: /usr/bin/install -c
configure:2054: checking whether build environment is sane
configure:2097: result: yes
configure:2125: checking for a thread-safe mkdir -p
configure:2164: result: /bin/mkdir -p
configure:2177: checking for gawk
configure:2193: found /usr/bin/gawk
configure:2204: result: gawk
configure:2215: checking whether make sets $(MAKE)
configure:2236: result: yes
configure:2433: checking build system type
configure:2451: result: i686-pc-linux-gnu
configure:2473: checking host system type
configure:2488: result: i686-pc-linux-gnu
configure:2566: checking for gcc
configure:2582: found /usr/bin/gcc
configure:2593: result: gcc
configure:2831: checking for C compiler version
configure:2838: gcc --version >&5
gcc (Ubuntu 4.3.2-1ubuntu12) 4.3.2
Copyright (C) 2008 Free Software Foundation, Inc.
This is free software; see the source for copying conditions.  There is NO
warranty; not even for MERCHANTABILITY or FITNESS FOR A PARTICULAR PURPOSE.

configure:2841: $? = 0
configure:2848: gcc -v >&5
Using built-in specs.
Target: i486-linux-gnu
Configured with: ../src/configure -v --with-pkgversion='Ubuntu 4.3.2-1ubuntu12' --with-bugurl=file:///usr/share/doc/gcc-4.3/README.Bugs --enable-languages=c,c++,fortran,objc,obj-c++ --prefix=/usr --enable-shared --with-system-zlib --libexecdir=/usr/lib --without-included-gettext --enable-threads=posix --enable-nls --with-gxx-include-dir=/usr/include/c++/4.3 --program-suffix=-4.3 --enable-clocale=gnu --enable-libstdcxx-debug --enable-objc-gc --enable-mpfr --enable-targets=all --enable-checking=release --build=i486-linux-gnu --host=i486-linux-gnu --target=i486-linux-gnu
Thread model: posix
gcc version 4.3.2 (Ubuntu 4.3.2-1ubuntu12) 
configure:2851: $? = 0
configure:2858: gcc -V >&5
gcc: '-V' option must have argument
configure:2861: $? = 1
configure:2884: checking for C compiler default output file name
configure:2911: gcc    conftest.c  >&5
configure:2914: $? = 0
configure:2952: result: a.out
configure:2969: checking whether the C compiler works
configure:2979: ./a.out
configure:2982: $? = 0
configure:2999: result: yes
configure:3006: checking whether we are cross compiling
configure:3008: result: no
configure:3011: checking for suffix of executables
configure:3018: gcc -o conftest    conftest.c  >&5
configure:3021: $? = 0
configure:3045: result: 
configure:3051: checking for suffix of object files
configure:3077: gcc -c   conftest.c >&5
configure:3080: $? = 0
configure:3103: result: o
configure:3107: checking whether we are using the GNU C compiler
configure:3136: gcc -c   conftest.c >&5
configure:3142: $? = 0
configure:3159: result: yes
configure:3164: checking whether gcc accepts -g
configure:3194: gcc -c -g  conftest.c >&5
configure:3200: $? = 0
configure:3299: result: yes
configure:3316: checking for gcc option to accept ISO C89
configure:3390: gcc  -c -g -O2  conftest.c >&5
configure:3396: $? = 0
configure:3419: result: none needed
configure:3448: checking for style of include used by make
configure:3476: result: GNU
configure:3501: checking dependency style of gcc
configure:3592: result: gcc3
configure:3665: checking for g++
configure:3681: found /usr/bin/g++
configure:3692: result: g++
configure:3723: checking for C++ compiler version
configure:3730: g++ --version >&5
g++ (Ubuntu 4.3.2-1ubuntu12) 4.3.2
Copyright (C) 2008 Free Software Foundation, Inc.
This is free software; see the source for copying conditions.  There is NO
warranty; not even for MERCHANTABILITY or FITNESS FOR A PARTICULAR PURPOSE.

configure:3733: $? = 0
configure:3740: g++ -v >&5
Using built-in specs.
Target: i486-linux-gnu
Configured with: ../src/configure -v --with-pkgversion='Ubuntu 4.3.2-1ubuntu12' --with-bugurl=file:///usr/share/doc/gcc-4.3/README.Bugs --enable-languages=c,c++,fortran,objc,obj-c++ --prefix=/usr --enable-shared --with-system-zlib --libexecdir=/usr/lib --without-included-gettext --enable-threads=posix --enable-nls --with-gxx-include-dir=/usr/include/c++/4.3 --program-suffix=-4.3 --enable-clocale=gnu --enable-libstdcxx-debug --enable-objc-gc --enable-mpfr --enable-targets=all --enable-checking=release --build=i486-linux-gnu --host=i486-linux-gnu --target=i486-linux-gnu
Thread model: posix
gcc version 4.3.2 (Ubuntu 4.3.2-1ubuntu12) 
configure:3743: $? = 0
configure:3750: g++ -V >&5
g++: '-V' option must have argument
configure:3753: $? = 1
configure:3756: checking whether we are using the GNU C++ compiler
configure:3785: g++ -c   conftest.cpp >&5
configure:3791: $? = 0
configure:3808: result: yes
configure:3813: checking whether g++ accepts -g
configure:3843: g++ -c -g  conftest.cpp >&5
configure:3849: $? = 0
configure:3948: result: yes
configure:3973: checking dependency style of g++
configure:4064: result: gcc3
configure:4089: checking how to run the C preprocessor
configure:4129: gcc -E  conftest.c
configure:4135: $? = 0
configure:4166: gcc -E  conftest.c
conftest.c:10:28: error: ac_nonexistent.h: No such file or directory
configure:4172: $? = 1
configure: failed program was:
| /* confdefs.h.  */
| #define PACKAGE_NAME "libersp"
| #define PACKAGE_TARNAME "libersp"
| #define PACKAGE_VERSION "0.1"
| #define PACKAGE_STRING "libersp 0.1"
| #define PACKAGE_BUGREPORT ""
| #define PACKAGE "libersp"
| #define VERSION "0.1"
| /* end confdefs.h.  */
| #include <ac_nonexistent.h>
configure:4205: result: gcc -E
configure:4234: gcc -E  conftest.c
configure:4240: $? = 0
configure:4271: gcc -E  conftest.c
conftest.c:10:28: error: ac_nonexistent.h: No such file or directory
configure:4277: $? = 1
configure: failed program was:
| /* confdefs.h.  */
| #define PACKAGE_NAME "libersp"
| #define PACKAGE_TARNAME "libersp"
| #define PACKAGE_VERSION "0.1"
| #define PACKAGE_STRING "libersp 0.1"
| #define PACKAGE_BUGREPORT ""
| #define PACKAGE "libersp"
| #define VERSION "0.1"
| /* end confdefs.h.  */
| #include <ac_nonexistent.h>
configure:4357: checking for ranlib
configure:4373: found /usr/bin/ranlib
configure:4384: result: ranlib
configure:4435: checking for a sed that does not truncate output
configure:4514: result: /bin/sed
configure:4532: checking for grep that handles long lines and -e
configure:4606: result: /bin/grep
configure:4611: checking for egrep
configure:4689: result: /bin/grep -E
configure:4694: checking for fgrep
configure:4772: result: /bin/grep -F
configure:4807: checking for ld used by gcc
configure:4874: result: /usr/bin/ld
configure:4883: checking if the linker (/usr/bin/ld) is GNU ld
configure:4898: result: yes
configure:4910: checking for BSD- or MS-compatible name lister (nm)
configure:4959: result: /usr/bin/nm -B
configure:5081: checking the name lister (/usr/bin/nm -B) interface
configure:5088: gcc -c -g -O2  conftest.c >&5
configure:5091: /usr/bin/nm -B "conftest.o"
configure:5094: output
00000000 B some_variable
configure:5101: result: BSD nm
configure:5104: checking whether ln -s works
configure:5108: result: yes
configure:5116: checking the maximum length of command line arguments
configure:5236: result: 1572864
configure:5253: checking whether the shell understands some XSI constructs
configure:5263: result: yes
configure:5267: checking whether the shell understands "+="
configure:5273: result: yes
configure:5308: checking for /usr/bin/ld option to reload object files
configure:5315: result: -r
configure:5342: checking how to recognize dependent libraries
configure:5532: result: pass_all
configure:5592: checking for ar
configure:5608: found /usr/bin/ar
configure:5619: result: ar
configure:5701: checking for strip
configure:5717: found /usr/bin/strip
configure:5728: result: strip
configure:5804: checking for ranlib
configure:5831: result: ranlib
configure:5925: checking command to parse /usr/bin/nm -B output from gcc object
configure:6043: gcc -c -g -O2  conftest.c >&5
configure:6046: $? = 0
configure:6050: /usr/bin/nm -B conftest.o \| sed -n -e 's/^.*[	 ]\([ABCDGIRSTW][ABCDGIRSTW]*\)[	 ][	 ]*\([_A-Za-z][_A-Za-z0-9]*\)$/\1 \2 \2/p' \> conftest.nm
configure:6053: $? = 0
configure:6107: gcc -o conftest -g -O2   conftest.c conftstm.o >&5
configure:6110: $? = 0
configure:6148: result: ok
configure:7023: checking for ANSI C header files
configure:7053: gcc -c -g -O2  conftest.c >&5
configure:7059: $? = 0
configure:7158: gcc -o conftest -g -O2   conftest.c  >&5
configure:7161: $? = 0
configure:7167: ./conftest
configure:7170: $? = 0
configure:7187: result: yes
configure:7211: checking for sys/types.h
configure:7232: gcc -c -g -O2  conftest.c >&5
configure:7238: $? = 0
configure:7254: result: yes
configure:7211: checking for sys/stat.h
configure:7232: gcc -c -g -O2  conftest.c >&5
configure:7238: $? = 0
configure:7254: result: yes
configure:7211: checking for stdlib.h
configure:7232: gcc -c -g -O2  conftest.c >&5
configure:7238: $? = 0
configure:7254: result: yes
configure:7211: checking for string.h
configure:7232: gcc -c -g -O2  conftest.c >&5
configure:7238: $? = 0
configure:7254: result: yes
configure:7211: checking for memory.h
configure:7232: gcc -c -g -O2  conftest.c >&5
configure:7238: $? = 0
configure:7254: result: yes
configure:7211: checking for strings.h
configure:7232: gcc -c -g -O2  conftest.c >&5
configure:7238: $? = 0
configure:7254: result: yes
configure:7211: checking for inttypes.h
configure:7232: gcc -c -g -O2  conftest.c >&5
configure:7238: $? = 0
configure:7254: result: yes
configure:7211: checking for stdint.h
configure:7232: gcc -c -g -O2  conftest.c >&5
configure:7238: $? = 0
configure:7254: result: yes
configure:7211: checking for unistd.h
configure:7232: gcc -c -g -O2  conftest.c >&5
configure:7238: $? = 0
configure:7254: result: yes
configure:7270: checking for dlfcn.h
configure:7291: gcc -c -g -O2  conftest.c >&5
configure:7297: $? = 0
configure:7313: result: yes
configure:7442: checking for C++ compiler version
configure:7449: g++ --version >&5
g++ (Ubuntu 4.3.2-1ubuntu12) 4.3.2
Copyright (C) 2008 Free Software Foundation, Inc.
This is free software; see the source for copying conditions.  There is NO
warranty; not even for MERCHANTABILITY or FITNESS FOR A PARTICULAR PURPOSE.

configure:7452: $? = 0
configure:7459: g++ -v >&5
Using built-in specs.
Target: i486-linux-gnu
Configured with: ../src/configure -v --with-pkgversion='Ubuntu 4.3.2-1ubuntu12' --with-bugurl=file:///usr/share/doc/gcc-4.3/README.Bugs --enable-languages=c,c++,fortran,objc,obj-c++ --prefix=/usr --enable-shared --with-system-zlib --libexecdir=/usr/lib --without-included-gettext --enable-threads=posix --enable-nls --with-gxx-include-dir=/usr/include/c++/4.3 --program-suffix=-4.3 --enable-clocale=gnu --enable-libstdcxx-debug --enable-objc-gc --enable-mpfr --enable-targets=all --enable-checking=release --build=i486-linux-gnu --host=i486-linux-gnu --target=i486-linux-gnu
Thread model: posix
gcc version 4.3.2 (Ubuntu 4.3.2-1ubuntu12) 
configure:7462: $? = 0
configure:7469: g++ -V >&5
g++: '-V' option must have argument
configure:7472: $? = 1
configure:7475: checking whether we are using the GNU C++ compiler
configure:7527: result: yes
configure:7532: checking whether g++ accepts -g
configure:7667: result: yes
configure:7692: checking dependency style of g++
configure:7783: result: gcc3
configure:7806: checking how to run the C++ preprocessor
configure:7842: g++ -E  conftest.cpp
configure:7848: $? = 0
configure:7879: g++ -E  conftest.cpp
conftest.cpp:21:28: error: ac_nonexistent.h: No such file or directory
configure:7885: $? = 1
configure: failed program was:
| /* confdefs.h.  */
| #define PACKAGE_NAME "libersp"
| #define PACKAGE_TARNAME "libersp"
| #define PACKAGE_VERSION "0.1"
| #define PACKAGE_STRING "libersp 0.1"
| #define PACKAGE_BUGREPORT ""
| #define PACKAGE "libersp"
| #define VERSION "0.1"
| #define STDC_HEADERS 1
| #define HAVE_SYS_TYPES_H 1
| #define HAVE_SYS_STAT_H 1
| #define HAVE_STDLIB_H 1
| #define HAVE_STRING_H 1
| #define HAVE_MEMORY_H 1
| #define HAVE_STRINGS_H 1
| #define HAVE_INTTYPES_H 1
| #define HAVE_STDINT_H 1
| #define HAVE_UNISTD_H 1
| #define HAVE_DLFCN_H 1
| /* end confdefs.h.  */
| #include <ac_nonexistent.h>
configure:7918: result: g++ -E
configure:7947: g++ -E  conftest.cpp
configure:7953: $? = 0
configure:7984: g++ -E  conftest.cpp
conftest.cpp:21:28: error: ac_nonexistent.h: No such file or directory
configure:7990: $? = 1
configure: failed program was:
| /* confdefs.h.  */
| #define PACKAGE_NAME "libersp"
| #define PACKAGE_TARNAME "libersp"
| #define PACKAGE_VERSION "0.1"
| #define PACKAGE_STRING "libersp 0.1"
| #define PACKAGE_BUGREPORT ""
| #define PACKAGE "libersp"
| #define VERSION "0.1"
| #define STDC_HEADERS 1
| #define HAVE_SYS_TYPES_H 1
| #define HAVE_SYS_STAT_H 1
| #define HAVE_STDLIB_H 1
| #define HAVE_STRING_H 1
| #define HAVE_MEMORY_H 1
| #define HAVE_STRINGS_H 1
| #define HAVE_INTTYPES_H 1
| #define HAVE_STDINT_H 1
| #define HAVE_UNISTD_H 1
| #define HAVE_DLFCN_H 1
| /* end confdefs.h.  */
| #include <ac_nonexistent.h>
configure:8202: checking for objdir
configure:8217: result: .libs
configure:8509: checking if gcc supports -fno-rtti -fno-exceptions
configure:8527: gcc -c -g -O2  -fno-rtti -fno-exceptions conftest.c >&5
cc1: warning: command line option "-fno-rtti" is valid for C++/ObjC++ but not for C
configure:8531: $? = 0
configure:8544: result: no
configure:8564: checking for gcc option to produce PIC
configure:8821: result: -fPIC -DPIC
configure:8833: checking if gcc PIC flag -fPIC -DPIC works
configure:8851: gcc -c -g -O2  -fPIC -DPIC -DPIC conftest.c >&5
configure:8855: $? = 0
configure:8868: result: yes
configure:8892: checking if gcc static flag -static works
configure:8920: result: yes
configure:8935: checking if gcc supports -c -o file.o
configure:8956: gcc -c -g -O2  -o out/conftest2.o conftest.c >&5
configure:8960: $? = 0
configure:8982: result: yes
configure:8990: checking if gcc supports -c -o file.o
configure:9037: result: yes
configure:9070: checking whether the gcc linker (/usr/bin/ld) supports shared libraries
configure:10125: result: yes
configure:10162: checking whether -lc should be explicitly linked in
configure:10167: gcc -c -g -O2  conftest.c >&5
configure:10170: $? = 0
configure:10185: gcc -shared conftest.o  -v -Wl,-soname -Wl,conftest -o conftest 2\>\&1 \| /bin/grep  -lc  \>/dev/null 2\>\&1
configure:10188: $? = 0
configure:10200: result: no
configure:10364: checking dynamic linker characteristics
configure:10807: gcc -o conftest -g -O2   -Wl,-rpath -Wl,/foo conftest.c  >&5
configure:10813: $? = 0
configure:11055: result: GNU/Linux ld.so
configure:11157: checking how to hardcode library paths into programs
configure:11182: result: immediate
configure:11995: checking whether stripping libraries is possible
configure:12000: result: yes
configure:12035: checking if libtool supports shared libraries
configure:12037: result: yes
configure:12040: checking whether to build shared libraries
configure:12061: result: yes
configure:12064: checking whether to build static libraries
configure:12068: result: yes
configure:12218: checking for ld used by g++
configure:12285: result: /usr/bin/ld
configure:12294: checking if the linker (/usr/bin/ld) is GNU ld
configure:12309: result: yes
configure:12364: checking whether the g++ linker (/usr/bin/ld) supports shared libraries
configure:13326: result: yes
configure:13354: g++ -c -g -O2  conftest.cpp >&5
configure:13357: $? = 0
configure:13539: checking for g++ option to produce PIC
configure:13848: result: -fPIC -DPIC
configure:13857: checking if g++ PIC flag -fPIC -DPIC works
configure:13875: g++ -c -g -O2  -fPIC -DPIC -DPIC conftest.cpp >&5
configure:13879: $? = 0
configure:13892: result: yes
configure:13913: checking if g++ static flag -static works
configure:13941: result: yes
configure:13953: checking if g++ supports -c -o file.o
configure:13974: g++ -c -g -O2  -o out/conftest2.o conftest.cpp >&5
configure:13978: $? = 0
configure:14000: result: yes
configure:14005: checking if g++ supports -c -o file.o
configure:14052: result: yes
configure:14082: checking whether the g++ linker (/usr/bin/ld) supports shared libraries
configure:14111: result: yes
configure:14248: checking dynamic linker characteristics
configure:14639: g++ -o conftest -g -O2   -Wl,-rpath -Wl,/foo conftest.cpp  >&5
configure:14645: $? = 0
configure:14887: result: GNU/Linux ld.so
configure:14938: checking how to hardcode library paths into programs
configure:14963: result: immediate
configure:15021: checking whether make sets $(MAKE)
configure:15042: result: yes
configure:15054: checking for pkg-config
configure:15070: found /usr/bin/pkg-config
configure:15082: result: yes
configure:15105: checking for pkg-config
configure:15123: found /usr/bin/pkg-config
configure:15136: result: /usr/bin/pkg-config
configure:15154: checking for playercore
configure:15158: result: yes
configure:15162: checking PLAYERCORE_CFLAGS
configure:15165: result: -I/usr/include/player-2.0  
configure:15168: checking PLAYERCORE_LIBS
configure:15171: result: -lplayercore -lltdl -lpthread -lplayererror  
configure:15259: checking for stage
configure:15263: result: yes
configure:15267: checking STAGE_CFLAGS
configure:15270: result: -pthread -I/usr/include/gtk-2.0 -I/usr/include/player-2.0 -I/usr/lib/gtk-2.0/include -I/usr/include/atk-1.0 -I/usr/include/cairo -I/usr/include/pango-1.0 -I/usr/include/glib-2.0 -I/usr/lib/glib-2.0/include -I/usr/include/pixman-1 -I/usr/include/freetype2 -I/usr/include/libpng12  
configure:15273: checking STAGE_LIBS
configure:15276: result: -pthread -lstage -lgtk-x11-2.0 -lgthread-2.0 -lrt -lplayercore -lltdl -lpthread -lgdk-x11-2.0 -latk-1.0 -lpangoft2-1.0 -lgdk_pixbuf-2.0 -lm -lpangocairo-1.0 -lgio-2.0 -lcairo -lpango-1.0 -lfreetype -lz -lfontconfig -lgobject-2.0 -lgmodule-2.0 -lglib-2.0 -lplayererror  
configure:15362: checking for ersp
configure:15596: creating ./config.status

## ---------------------- ##
## Running config.status. ##
## ---------------------- ##

This file was extended by libersp config.status 0.1, which was
generated by GNU Autoconf 2.61.  Invocation command line was

  CONFIG_FILES    = 
  CONFIG_HEADERS  = 
  CONFIG_LINKS    = 
  CONFIG_COMMANDS = 
  $ ./config.status 

on mille

config.status:921: creating Makefile
config.status:921: creating ersp/Makefile
config.status:921: creating hdaps/Makefile
config.status:921: creating stage/Makefile
config.status:921: creating config.h
config.status:1196: executing depfiles commands
config.status:1196: executing libtool commands
configure:18040: result: *************************************************************
configure:18042: result: The driver will be built using the following information:
configure:18044: result: 
configure:18046: result:     Host  system: i686-pc-linux-gnu
configure:18048: result:     C   compiler: gcc -g -O2
configure:18050: result:     C++ compiler: g++ -g -O2
configure:18052: result:     ERSP library: no
configure:18054: result: 
configure:18056: result: *************************************************************

## ---------------- ##
## Cache variables. ##
## ---------------- ##

ac_cv_build=i686-pc-linux-gnu
ac_cv_c_compiler_gnu=yes
ac_cv_cxx_compiler_gnu=yes
ac_cv_env_CCC_set=
ac_cv_env_CCC_value=
ac_cv_env_CC_set=
ac_cv_env_CC_value=
ac_cv_env_CFLAGS_set=
ac_cv_env_CFLAGS_value=
ac_cv_env_CPPFLAGS_set=
ac_cv_env_CPPFLAGS_value=
ac_cv_env_CPP_set=
ac_cv_env_CPP_value=
ac_cv_env_CXXCPP_set=
ac_cv_env_CXXCPP_value=
ac_cv_env_CXXFLAGS_set=
ac_cv_env_CXXFLAGS_value=
ac_cv_env_CXX_set=
ac_cv_env_CXX_value=
ac_cv_env_LDFLAGS_set=
ac_cv_env_LDFLAGS_value=
ac_cv_env_LIBS_set=
ac_cv_env_LIBS_value=
ac_cv_env_build_alias_set=
ac_cv_env_build_alias_value=
ac_cv_env_host_alias_set=
ac_cv_env_host_alias_value=
ac_cv_env_target_alias_set=
ac_cv_env_target_alias_value=
ac_cv_header_dlfcn_h=yes
ac_cv_header_inttypes_h=yes
ac_cv_header_memory_h=yes
ac_cv_header_stdc=yes
ac_cv_header_stdint_h=yes
ac_cv_header_stdlib_h=yes
ac_cv_header_string_h=yes
ac_cv_header_strings_h=yes
ac_cv_header_sys_stat_h=yes
ac_cv_header_sys_types_h=yes
ac_cv_header_unistd_h=yes
ac_cv_host=i686-pc-linux-gnu
ac_cv_objext=o
ac_cv_path_EGREP='/bin/grep -E'
ac_cv_path_FGREP='/bin/grep -F'
ac_cv_path_GREP=/bin/grep
ac_cv_path_PKG_CONFIG=/usr/bin/pkg-config
ac_cv_path_SED=/bin/sed
ac_cv_path_install='/usr/bin/install -c'
ac_cv_path_mkdir=/bin/mkdir
ac_cv_prog_AWK=gawk
ac_cv_prog_CPP='gcc -E'
ac_cv_prog_CXXCPP='g++ -E'
ac_cv_prog_ac_ct_AR=ar
ac_cv_prog_ac_ct_CC=gcc
ac_cv_prog_ac_ct_CXX=g++
ac_cv_prog_ac_ct_RANLIB=ranlib
ac_cv_prog_ac_ct_STRIP=strip
ac_cv_prog_cc_c89=
ac_cv_prog_cc_g=yes
ac_cv_prog_cxx_g=yes
ac_cv_prog_have_pkg_config=yes
ac_cv_prog_make_make_set=yes
am_cv_CC_dependencies_compiler_type=gcc3
am_cv_CXX_dependencies_compiler_type=gcc3
lt_cv_deplibs_check_method=pass_all
lt_cv_file_magic_cmd='$MAGIC_CMD'
lt_cv_file_magic_test_file=
lt_cv_ld_reload_flag=-r
lt_cv_nm_interface='BSD nm'
lt_cv_objdir=.libs
lt_cv_path_LD=/usr/bin/ld
lt_cv_path_LDCXX=/usr/bin/ld
lt_cv_path_NM='/usr/bin/nm -B'
lt_cv_prog_compiler_c_o=yes
lt_cv_prog_compiler_c_o_CXX=yes
lt_cv_prog_compiler_pic_works=yes
lt_cv_prog_compiler_pic_works_CXX=yes
lt_cv_prog_compiler_rtti_exceptions=no
lt_cv_prog_compiler_static_works=yes
lt_cv_prog_compiler_static_works_CXX=yes
lt_cv_prog_gnu_ld=yes
lt_cv_prog_gnu_ldcxx=yes
lt_cv_sys_global_symbol_pipe='sed -n -e '\''s/^.*[	 ]\([ABCDGIRSTW][ABCDGIRSTW]*\)[	 ][	 ]*\([_A-Za-z][_A-Za-z0-9]*\)$/\1 \2 \2/p'\'''
lt_cv_sys_global_symbol_to_c_name_address='sed -n -e '\''s/^: \([^ ]*\) $/  {\"\1\", (void *) 0},/p'\'' -e '\''s/^[ABCDGIRSTW]* \([^ ]*\) \([^ ]*\)$/  {"\2", (void *) \&\2},/p'\'''
lt_cv_sys_global_symbol_to_c_name_address_lib_prefix='sed -n -e '\''s/^: \([^ ]*\) $/  {\"\1\", (void *) 0},/p'\'' -e '\''s/^[ABCDGIRSTW]* \([^ ]*\) \(lib[^ ]*\)$/  {"\2", (void *) \&\2},/p'\'' -e '\''s/^[ABCDGIRSTW]* \([^ ]*\) \([^ ]*\)$/  {"lib\2", (void *) \&\2},/p'\'''
lt_cv_sys_global_symbol_to_cdecl='sed -n -e '\''s/^T .* \(.*\)$/extern int \1();/p'\'' -e '\''s/^[ABCDGIRSTW]* .* \(.*\)$/extern char \1;/p'\'''
lt_cv_sys_max_cmd_len=1572864

## ----------------- ##
## Output variables. ##
## ----------------- ##

ACLOCAL='${SHELL} /home/jesper/diku/3_year/bachelor/ERSP/PlayerStage-cvsexport/Source/ersp/driver/config/missing --run aclocal-1.10'
AMDEPBACKSLASH='\'
AMDEP_FALSE='#'
AMDEP_TRUE=''
AMTAR='${SHELL} /home/jesper/diku/3_year/bachelor/ERSP/PlayerStage-cvsexport/Source/ersp/driver/config/missing --run tar'
AR='ar'
AUTOCONF='${SHELL} /home/jesper/diku/3_year/bachelor/ERSP/PlayerStage-cvsexport/Source/ersp/driver/config/missing --run autoconf'
AUTOHEADER='${SHELL} /home/jesper/diku/3_year/bachelor/ERSP/PlayerStage-cvsexport/Source/ersp/driver/config/missing --run autoheader'
AUTOMAKE='${SHELL} /home/jesper/diku/3_year/bachelor/ERSP/PlayerStage-cvsexport/Source/ersp/driver/config/missing --run automake-1.10'
AWK='gawk'
CC='gcc'
CCDEPMODE='depmode=gcc3'
CFLAGS='-g -O2'
CPP='gcc -E'
CPPFLAGS=''
CXX='g++'
CXXCPP='g++ -E'
CXXDEPMODE='depmode=gcc3'
CXXFLAGS='-g -O2'
CYGPATH_W='echo'
DEFS='-DHAVE_CONFIG_H'
DEPDIR='.deps'
DSYMUTIL=''
DUMPBIN=''
ECHO_C=''
ECHO_N='-n'
ECHO_T=''
EGREP='/bin/grep -E'
ERSP_CFLAGS=''
ERSP_LIBS=''
EXEEXT=''
FGREP='/bin/grep -F'
GREP='/bin/grep'
HAVE_ERSP_FALSE=''
HAVE_ERSP_TRUE='#'
INSTALL_DATA='${INSTALL} -m 644'
INSTALL_PROGRAM='${INSTALL}'
INSTALL_SCRIPT='${INSTALL}'
INSTALL_STRIP_PROGRAM='$(install_sh) -c -s'
LD='/usr/bin/ld'
LDFLAGS=''
LIBOBJS=''
LIBS=''
LIBTOOL='$(SHELL) $(top_builddir)/libtool'
LIPO=''
LN_S='ln -s'
LTLIBOBJS=''
MAKEINFO='${SHELL} /home/jesper/diku/3_year/bachelor/ERSP/PlayerStage-cvsexport/Source/ersp/driver/config/missing --run makeinfo'
NM='/usr/bin/nm -B'
NMEDIT=''
OBJEXT='o'
OTOOL64=''
OTOOL=''
PACKAGE='libersp'
PACKAGE_BUGREPORT=''
PACKAGE_NAME='libersp'
PACKAGE_STRING='libersp 0.1'
PACKAGE_TARNAME='libersp'
PACKAGE_VERSION='0.1'
PATH_SEPARATOR=':'
PKG_CONFIG='/usr/bin/pkg-config'
PLAYERCORE_CFLAGS='-I/usr/include/player-2.0  '
PLAYERCORE_LIBS='-lplayercore -lltdl -lpthread -lplayererror  '
RANLIB='ranlib'
SED='/bin/sed'
SET_MAKE=''
SHELL='/bin/bash'
STAGE_CFLAGS='-pthread -I/usr/include/gtk-2.0 -I/usr/include/player-2.0 -I/usr/lib/gtk-2.0/include -I/usr/include/atk-1.0 -I/usr/include/cairo -I/usr/include/pango-1.0 -I/usr/include/glib-2.0 -I/usr/lib/glib-2.0/include -I/usr/include/pixman-1 -I/usr/include/freetype2 -I/usr/include/libpng12  '
STAGE_LIBS='-pthread -lstage -lgtk-x11-2.0 -lgthread-2.0 -lrt -lplayercore -lltdl -lpthread -lgdk-x11-2.0 -latk-1.0 -lpangoft2-1.0 -lgdk_pixbuf-2.0 -lm -lpangocairo-1.0 -lgio-2.0 -lcairo -lpango-1.0 -lfreetype -lz -lfontconfig -lgobject-2.0 -lgmodule-2.0 -lglib-2.0 -lplayererror  '
STRIP='strip'
VERSION='0.1'
ac_ct_CC='gcc'
ac_ct_CXX='g++'
ac_ct_DUMPBIN=''
am__fastdepCC_FALSE='#'
am__fastdepCC_TRUE=''
am__fastdepCXX_FALSE='#'
am__fastdepCXX_TRUE=''
am__include='include'
am__isrc=''
am__leading_dot='.'
am__quote=''
am__tar='${AMTAR} chof - "$$tardir"'
am__untar='${AMTAR} xf -'
bindir='${exec_prefix}/bin'
build='i686-pc-linux-gnu'
build_alias=''
build_cpu='i686'
build_os='linux-gnu'
build_vendor='pc'
datadir='${datarootdir}'
datarootdir='${prefix}/share'
docdir='${datarootdir}/doc/${PACKAGE_TARNAME}'
dvidir='${docdir}'
exec_prefix='${prefix}'
have_pkg_config='yes'
host='i686-pc-linux-gnu'
host_alias=''
host_cpu='i686'
host_os='linux-gnu'
host_vendor='pc'
htmldir='${docdir}'
includedir='${prefix}/include'
infodir='${datarootdir}/info'
install_sh='$(SHELL) /home/jesper/diku/3_year/bachelor/ERSP/PlayerStage-cvsexport/Source/ersp/driver/config/install-sh'
libdir='${exec_prefix}/lib'
libexecdir='${exec_prefix}/libexec'
localedir='${datarootdir}/locale'
localstatedir='${prefix}/var'
lt_ECHO='echo'
mandir='${datarootdir}/man'
mkdir_p='/bin/mkdir -p'
oldincludedir='/usr/include'
pdfdir='${docdir}'
prefix='/usr/local'
program_transform_name='s,x,x,'
psdir='${docdir}'
sbindir='${exec_prefix}/sbin'
sharedstatedir='${prefix}/com'
sysconfdir='${prefix}/etc'
target_alias=''

## ----------- ##
## confdefs.h. ##
## ----------- ##

#define PACKAGE_NAME "libersp"
#define PACKAGE_TARNAME "libersp"
#define PACKAGE_VERSION "0.1"
#define PACKAGE_STRING "libersp 0.1"
#define PACKAGE_BUGREPORT ""
#define PACKAGE "libersp"
#define VERSION "0.1"
#define STDC_HEADERS 1
#define HAVE_SYS_TYPES_H 1
#define HAVE_SYS_STAT_H 1
#define HAVE_STDLIB_H 1
#define HAVE_STRING_H 1
#define HAVE_MEMORY_H 1
#define HAVE_STRINGS_H 1
#define HAVE_INTTYPES_H 1
#define HAVE_STDINT_H 1
#define HAVE_UNISTD_H 1
#define HAVE_DLFCN_H 1
#define LT_OBJDIR ".libs/"

configure: exit 0
